<?xml version="1.0" encoding="UTF-8"?>
<!-- Generated by org.testng.reporters.JUnitReportReporter -->
<testsuite hostname="Akshay" failures="0" tests="3" name="basics.Assign1" time="7.721" errors="0" timestamp="2023-02-19T22:32:53 IST" skipped="0">
  <testcase classname="basics.Assign1" name="setUp" time="2.875"/>
  <system-out/>
  <testcase classname="basics.Assign1" name="Login" time="4.693"/>
  <system-out/>
  <testcase classname="basics.Assign1" name="tearDown" time="0.153"/>
  <system-out/>
</testsuite> <!-- basics.Assign1 -->
