<?xml version="1.0" encoding="UTF-8"?>
<!-- Generated by org.testng.reporters.JUnitReportReporter -->
<testsuite hostname="Akshay" failures="0" tests="1" name="com.inetbanking.testCases.TC_LoginTest" time="7.641" errors="0" timestamp="2023-04-02T02:09:22 IST" skipped="0">
  <testcase classname="com.inetbanking.testCases.TC_LoginTest" name="loginTest" time="7.641"/>
  <system-out/>
</testsuite> <!-- com.inetbanking.testCases.TC_LoginTest -->
