<?xml version="1.0" encoding="UTF-8"?>
<!-- Generated by org.testng.reporters.JUnitReportReporter -->
<testsuite skipped="0" hostname="DESKTOP-M2RIIBP" name="org.apache.maven.archetypes.nopcommerceApp.TestEditSearchedProduct" tests="1" failures="0" timestamp="2020-12-15T15:54:16 IST" time="10.366" errors="0">
  <testcase name="test_ifTheSearchedProductUpdatedAfterEditing" time="10.366" classname="org.apache.maven.archetypes.nopcommerceApp.TestEditSearchedProduct"/>
  <system-out/>
</testsuite> <!-- org.apache.maven.archetypes.nopcommerceApp.TestEditSearchedProduct -->
