<?xml version="1.0" encoding="UTF-8"?>
<!-- Generated by org.testng.reporters.JUnitReportReporter -->
<testsuite skipped="0" hostname="DESKTOP-M2RIIBP" name="org.apache.maven.archetypes.nopcommerceApp.TestDeleteSearchedProduct" tests="1" failures="0" timestamp="2020-12-15T15:54:16 IST" time="7.124" errors="0">
  <testcase name="test_IfSearchedProductWasDeletedAfterPressingDeleteButton" time="7.124" classname="org.apache.maven.archetypes.nopcommerceApp.TestDeleteSearchedProduct"/>
  <system-out/>
</testsuite> <!-- org.apache.maven.archetypes.nopcommerceApp.TestDeleteSearchedProduct -->
