<?xml version="1.0" encoding="UTF-8"?>
<!-- Generated by org.testng.reporters.JUnitReportReporter -->
<testsuite skipped="0" hostname="DESKTOP-M2RIIBP" name="org.apache.maven.archetypes.nopcommerceApp.DDTestLogin" tests="4" failures="0" timestamp="2020-12-15T15:54:16 IST" time="9.088" errors="0">
  <testcase name="ddt_test_login" time="0.601" classname="org.apache.maven.archetypes.nopcommerceApp.DDTestLogin"/>
  <system-out/>
  <testcase name="ddt_test_login" time="0.593" classname="org.apache.maven.archetypes.nopcommerceApp.DDTestLogin"/>
  <system-out/>
  <testcase name="ddt_test_login" time="0.782" classname="org.apache.maven.archetypes.nopcommerceApp.DDTestLogin"/>
  <system-out/>
  <testcase name="ddt_test_login" time="7.112" classname="org.apache.maven.archetypes.nopcommerceApp.DDTestLogin"/>
  <system-out/>
</testsuite> <!-- org.apache.maven.archetypes.nopcommerceApp.DDTestLogin -->
