<?xml version="1.0" encoding="UTF-8"?>
<!-- Generated by org.testng.reporters.JUnitReportReporter -->
<testsuite hostname="Akshay" failures="0" tests="2" name="test_Scenarios.TestGoogleSearch" time="6.525" errors="0" timestamp="2023-03-04T21:18:05 IST" skipped="0">
  <testcase classname="test_Scenarios.TestGoogleSearch" name="searchOperation" time="5.014"/>
  <system-out/>
  <testcase classname="test_Scenarios.TestGoogleSearch" name="verifyandAccessFacebook" time="1.511"/>
  <system-out/>
</testsuite> <!-- test_Scenarios.TestGoogleSearch -->
