<?xml version="1.0" encoding="UTF-8"?>
<!-- Generated by org.testng.reporters.JUnitReportReporter -->
<testsuite skipped="0" hostname="DESKTOP-M2RIIBP" name="org.apache.maven.archetypes.nopcommerceApp.TestAddProduct" tests="1" failures="0" timestamp="2020-12-14T20:25:17 IST" time="15.339" errors="0">
  <testcase name="test_AddProduct" time="15.339" classname="org.apache.maven.archetypes.nopcommerceApp.TestAddProduct"/>
  <system-out/>
</testsuite> <!-- org.apache.maven.archetypes.nopcommerceApp.TestAddProduct -->
