<?xml version="1.0" encoding="UTF-8"?>
<!-- Generated by org.testng.reporters.JUnitReportReporter -->
<testsuite hostname="Akshay" failures="0" tests="2" name="TestNGAnnotation" time="0.013" errors="0" timestamp="2023-03-04T23:48:39 IST" skipped="0">
  <testcase classname="TestNGAnnotation" name="testCase2" time="0.003"/>
  <system-out/>
  <testcase classname="TestNGAnnotation" name="testCase1" time="0.010"/>
  <system-out/>
</testsuite> <!-- TestNGAnnotation -->
