<?xml version="1.0" encoding="UTF-8"?>
<!-- Generated by org.testng.reporters.JUnitReportReporter -->
<testsuite hostname="Akshay" failures="0" tests="1" name="base2.TestNG2" time="0.001" errors="0" timestamp="2023-03-05T00:00:34 IST" skipped="0">
  <testcase classname="base2.TestNG2" name="show1" time="0.001"/>
  <system-out/>
</testsuite> <!-- base2.TestNG2 -->
