<?xml version="1.0" encoding="UTF-8"?>
<!-- Generated by org.testng.reporters.JUnitReportReporter -->
<testsuite hostname="Akshay" failures="0" tests="1" name="base1.TestNGAnnotation" time="0.003" errors="0" timestamp="2023-03-05T00:00:34 IST" skipped="0">
  <testcase classname="base1.TestNGAnnotation" name="testCase1" time="0.003"/>
  <system-out/>
</testsuite> <!-- base1.TestNGAnnotation -->
