<?xml version="1.0" encoding="UTF-8"?>
<!-- Generated by org.testng.reporters.JUnitReportReporter -->
<testsuite hostname="Akshay" failures="0" tests="1" name="test.LoginTest" time="2.084" errors="0" timestamp="2023-04-06T01:32:09 IST" skipped="0">
  <testcase classname="test.LoginTest" name="Login" time="2.084"/>
  <system-out/>
</testsuite> <!-- test.LoginTest -->
