<?xml version="1.0" encoding="UTF-8"?>
<!-- Generated by org.testng.reporters.JUnitReportReporter -->
<testsuite hostname="Akshay" failures="0" tests="1" name="youTubeWebTable.Demo" time="23.028" errors="0" timestamp="2023-02-06T21:57:17 IST" skipped="0">
  <testcase classname="youTubeWebTable.Demo" name="searchProduct" time="23.028"/>
  <system-out/>
</testsuite> <!-- youTubeWebTable.Demo -->
