<?xml version="1.0" encoding="UTF-8"?>
<!-- Generated by org.testng.reporters.JUnitReportReporter -->
<testsuite hostname="Akshay" failures="0" tests="1" name="youTubeWebTable.FirstTable" time="6.610" errors="0" timestamp="2023-02-04T19:14:44 IST" skipped="0">
  <testcase classname="youTubeWebTable.FirstTable" name="tableInfo" time="6.610"/>
  <system-out/>
</testsuite> <!-- youTubeWebTable.FirstTable -->
