<?xml version="1.0" encoding="UTF-8"?>
<!-- Generated by org.testng.reporters.JUnitReportReporter -->
<testsuite hostname="Akshay" failures="0" tests="1" name="youTubeWebTable.SecondWebTable" time="26.846" errors="0" timestamp="2023-02-06T21:56:12 IST" skipped="0">
  <testcase classname="youTubeWebTable.SecondWebTable" name="searchProduct" time="26.846"/>
  <system-out/>
</testsuite> <!-- youTubeWebTable.SecondWebTable -->
